23:22:17.370 [ApplicationImpl pooled thread 5000] INFO  c.b.l.BrowserStackRunExtension - junit
23:22:17.370 [ApplicationImpl pooled thread 5000] INFO  com.browserstack.utils.Helpers - null
23:22:17.371 [ApplicationImpl pooled thread 5000] INFO  c.b.l.BrowserStackRunExtension - Agent path: null
23:23:02.300 [ApplicationImpl pooled thread 5033] INFO  c.b.l.BrowserStackRunExtension - junit
23:23:02.300 [ApplicationImpl pooled thread 5033] INFO  com.browserstack.utils.Helpers - null
23:23:02.302 [ApplicationImpl pooled thread 5033] INFO  c.b.l.BrowserStackRunExtension - Agent path: null
23:24:29.918 [ApplicationImpl pooled thread 5036] INFO  c.b.l.BrowserStackRunExtension - junit
23:24:29.918 [ApplicationImpl pooled thread 5036] INFO  com.browserstack.utils.Helpers - null
23:24:29.918 [ApplicationImpl pooled thread 5036] INFO  c.b.l.BrowserStackRunExtension - Agent path: null
23:26:57.369 [ApplicationImpl pooled thread 5040] INFO  c.b.l.BrowserStackRunExtension - junit
23:26:57.370 [ApplicationImpl pooled thread 5040] INFO  com.browserstack.utils.Helpers - null
23:26:57.370 [ApplicationImpl pooled thread 5040] INFO  c.b.l.BrowserStackRunExtension - Agent path: null
23:33:38.818 [ApplicationImpl pooled thread 5037] INFO  c.b.l.BrowserStackRunExtension - junit
23:33:38.818 [ApplicationImpl pooled thread 5037] INFO  com.browserstack.utils.Helpers - null
23:33:38.820 [ApplicationImpl pooled thread 5037] INFO  c.b.l.BrowserStackRunExtension - Agent path: null
23:38:58.688 [ApplicationImpl pooled thread 5045] INFO  c.b.l.BrowserStackRunExtension - junit
23:38:58.689 [ApplicationImpl pooled thread 5045] INFO  com.browserstack.utils.Helpers - null
23:38:58.689 [ApplicationImpl pooled thread 5045] INFO  c.b.l.BrowserStackRunExtension - Agent path: null
23:45:52.655 [ApplicationImpl pooled thread 5056] INFO  c.b.l.BrowserStackRunExtension - junit
23:45:52.655 [ApplicationImpl pooled thread 5056] INFO  com.browserstack.utils.Helpers - null
23:45:52.655 [ApplicationImpl pooled thread 5056] INFO  c.b.l.BrowserStackRunExtension - Agent path: null
23:47:12.392 [ApplicationImpl pooled thread 5056] INFO  c.b.l.BrowserStackRunExtension - junit
23:47:12.393 [ApplicationImpl pooled thread 5056] INFO  com.browserstack.utils.Helpers - null
23:47:12.394 [ApplicationImpl pooled thread 5056] INFO  c.b.l.BrowserStackRunExtension - Agent path: null
17:03:28.280 [ApplicationImpl pooled thread 5347] INFO  c.b.l.BrowserStackRunExtension - junit
17:03:28.280 [ApplicationImpl pooled thread 5347] INFO  com.browserstack.utils.Helpers - null
17:03:28.281 [ApplicationImpl pooled thread 5347] INFO  c.b.l.BrowserStackRunExtension - Agent path: null
17:26:27.403 [ApplicationImpl pooled thread 5373] INFO  c.b.l.BrowserStackRunExtension - junit
17:26:27.403 [ApplicationImpl pooled thread 5373] INFO  com.browserstack.utils.Helpers - null
17:26:27.405 [ApplicationImpl pooled thread 5373] INFO  c.b.l.BrowserStackRunExtension - Agent path: null
17:51:13.693 [ApplicationImpl pooled thread 5394] INFO  c.b.l.BrowserStackRunExtension - junit
17:51:13.693 [ApplicationImpl pooled thread 5394] INFO  com.browserstack.utils.Helpers - null
17:51:13.693 [ApplicationImpl pooled thread 5394] INFO  c.b.l.BrowserStackRunExtension - Agent path: null
17:53:13.045 [ApplicationImpl pooled thread 5396] INFO  c.b.l.BrowserStackRunExtension - junit
17:53:13.045 [ApplicationImpl pooled thread 5396] INFO  com.browserstack.utils.Helpers - null
17:53:13.045 [ApplicationImpl pooled thread 5396] INFO  c.b.l.BrowserStackRunExtension - Agent path: null
22:12:37.604 [ApplicationImpl pooled thread 5484] INFO  c.b.l.BrowserStackRunExtension - junit
22:12:37.605 [ApplicationImpl pooled thread 5484] INFO  com.browserstack.utils.Helpers - null
22:12:37.605 [ApplicationImpl pooled thread 5484] INFO  c.b.l.BrowserStackRunExtension - Agent path: null
22:20:06.519 [ApplicationImpl pooled thread 5496] INFO  c.b.l.BrowserStackRunExtension - junit
22:20:06.519 [ApplicationImpl pooled thread 5496] INFO  com.browserstack.utils.Helpers - null
22:20:06.521 [ApplicationImpl pooled thread 5496] INFO  c.b.l.BrowserStackRunExtension - Agent path: null
22:24:06.834 [ApplicationImpl pooled thread 5505] INFO  c.b.l.BrowserStackRunExtension - junit
22:24:06.835 [ApplicationImpl pooled thread 5505] INFO  com.browserstack.utils.Helpers - null
22:24:06.836 [ApplicationImpl pooled thread 5505] INFO  c.b.l.BrowserStackRunExtension - Agent path: null
22:39:28.731 [ApplicationImpl pooled thread 5515] INFO  c.b.l.BrowserStackRunExtension - junit
22:39:28.731 [ApplicationImpl pooled thread 5515] INFO  com.browserstack.utils.Helpers - null
22:39:28.731 [ApplicationImpl pooled thread 5515] INFO  c.b.l.BrowserStackRunExtension - Agent path: null
22:55:49.846 [ApplicationImpl pooled thread 5529] INFO  c.b.l.BrowserStackRunExtension - junit
22:55:49.846 [ApplicationImpl pooled thread 5529] INFO  com.browserstack.utils.Helpers - null
22:55:49.846 [ApplicationImpl pooled thread 5529] INFO  c.b.l.BrowserStackRunExtension - Agent path: null
23:30:03.633 [ApplicationImpl pooled thread 5565] INFO  c.b.l.BrowserStackRunExtension - junit
23:30:03.633 [ApplicationImpl pooled thread 5565] INFO  com.browserstack.utils.Helpers - null
23:30:03.633 [ApplicationImpl pooled thread 5565] INFO  c.b.l.BrowserStackRunExtension - Agent path: null
23:32:06.715 [ApplicationImpl pooled thread 5569] INFO  c.b.l.BrowserStackRunExtension - junit
23:32:06.715 [ApplicationImpl pooled thread 5569] INFO  com.browserstack.utils.Helpers - null
23:32:06.715 [ApplicationImpl pooled thread 5569] INFO  c.b.l.BrowserStackRunExtension - Agent path: null
23:37:03.223 [ApplicationImpl pooled thread 5572] INFO  c.b.l.BrowserStackRunExtension - junit
23:37:03.223 [ApplicationImpl pooled thread 5572] INFO  com.browserstack.utils.Helpers - null
23:37:03.225 [ApplicationImpl pooled thread 5572] INFO  c.b.l.BrowserStackRunExtension - Agent path: null
23:37:32.494 [ApplicationImpl pooled thread 5567] INFO  c.b.l.BrowserStackRunExtension - junit
23:37:32.494 [ApplicationImpl pooled thread 5567] INFO  com.browserstack.utils.Helpers - null
23:37:32.495 [ApplicationImpl pooled thread 5567] INFO  c.b.l.BrowserStackRunExtension - Agent path: null
23:38:53.105 [ApplicationImpl pooled thread 5572] INFO  c.b.l.BrowserStackRunExtension - junit
23:38:53.105 [ApplicationImpl pooled thread 5572] INFO  com.browserstack.utils.Helpers - null
23:38:53.105 [ApplicationImpl pooled thread 5572] INFO  c.b.l.BrowserStackRunExtension - Agent path: null
23:39:23.860 [ApplicationImpl pooled thread 5572] INFO  c.b.l.BrowserStackRunExtension - junit
23:39:23.860 [ApplicationImpl pooled thread 5572] INFO  com.browserstack.utils.Helpers - null
23:39:23.860 [ApplicationImpl pooled thread 5572] INFO  c.b.l.BrowserStackRunExtension - Agent path: null
23:41:04.518 [ApplicationImpl pooled thread 5578] INFO  c.b.l.BrowserStackRunExtension - junit
23:41:04.519 [ApplicationImpl pooled thread 5578] INFO  com.browserstack.utils.Helpers - null
23:41:04.519 [ApplicationImpl pooled thread 5578] INFO  c.b.l.BrowserStackRunExtension - Agent path: null
23:44:41.736 [ApplicationImpl pooled thread 5574] INFO  c.b.l.BrowserStackRunExtension - junit
23:44:41.736 [ApplicationImpl pooled thread 5574] INFO  com.browserstack.utils.Helpers - null
23:44:41.737 [ApplicationImpl pooled thread 5574] INFO  c.b.l.BrowserStackRunExtension - Agent path: null
23:45:56.772 [ApplicationImpl pooled thread 5584] INFO  c.b.l.BrowserStackRunExtension - junit
23:45:56.772 [ApplicationImpl pooled thread 5584] INFO  com.browserstack.utils.Helpers - null
23:45:56.772 [ApplicationImpl pooled thread 5584] INFO  c.b.l.BrowserStackRunExtension - Agent path: null
23:47:11.165 [ApplicationImpl pooled thread 5584] INFO  c.b.l.BrowserStackRunExtension - junit
23:47:11.166 [ApplicationImpl pooled thread 5584] INFO  com.browserstack.utils.Helpers - null
23:47:11.166 [ApplicationImpl pooled thread 5584] INFO  c.b.l.BrowserStackRunExtension - Agent path: null
23:48:49.741 [ApplicationImpl pooled thread 5587] INFO  c.b.l.BrowserStackRunExtension - junit
23:48:49.741 [ApplicationImpl pooled thread 5587] INFO  com.browserstack.utils.Helpers - null
23:48:49.742 [ApplicationImpl pooled thread 5587] INFO  c.b.l.BrowserStackRunExtension - Agent path: null
23:51:39.085 [ApplicationImpl pooled thread 5578] INFO  c.b.l.BrowserStackRunExtension - junit
23:51:39.086 [ApplicationImpl pooled thread 5578] INFO  com.browserstack.utils.Helpers - null
23:51:39.086 [ApplicationImpl pooled thread 5578] INFO  c.b.l.BrowserStackRunExtension - Agent path: null
23:51:49.144 [ApplicationImpl pooled thread 5591] INFO  c.b.l.BrowserStackRunExtension - junit
23:51:49.145 [ApplicationImpl pooled thread 5591] INFO  com.browserstack.utils.Helpers - null
23:51:49.145 [ApplicationImpl pooled thread 5591] INFO  c.b.l.BrowserStackRunExtension - Agent path: null
23:53:56.369 [ApplicationImpl pooled thread 5595] INFO  c.b.l.BrowserStackRunExtension - junit
23:53:56.369 [ApplicationImpl pooled thread 5595] INFO  com.browserstack.utils.Helpers - null
23:53:56.369 [ApplicationImpl pooled thread 5595] INFO  c.b.l.BrowserStackRunExtension - Agent path: null
23:55:56.973 [ApplicationImpl pooled thread 5589] INFO  c.b.l.BrowserStackRunExtension - junit
23:55:56.974 [ApplicationImpl pooled thread 5589] INFO  com.browserstack.utils.Helpers - null
23:55:56.974 [ApplicationImpl pooled thread 5589] INFO  c.b.l.BrowserStackRunExtension - Agent path: null
23:56:56.919 [ApplicationImpl pooled thread 5594] INFO  c.b.l.BrowserStackRunExtension - junit
23:56:56.919 [ApplicationImpl pooled thread 5594] INFO  com.browserstack.utils.Helpers - null
23:56:56.920 [ApplicationImpl pooled thread 5594] INFO  c.b.l.BrowserStackRunExtension - Agent path: null
00:05:06.134 [ApplicationImpl pooled thread 5598] INFO  c.b.l.BrowserStackRunExtension - junit
00:05:06.134 [ApplicationImpl pooled thread 5598] INFO  com.browserstack.utils.Helpers - null
00:05:06.134 [ApplicationImpl pooled thread 5598] INFO  c.b.l.BrowserStackRunExtension - Agent path: null
00:08:05.217 [ApplicationImpl pooled thread 5596] INFO  c.b.l.BrowserStackRunExtension - junit
00:08:05.217 [ApplicationImpl pooled thread 5596] INFO  com.browserstack.utils.Helpers - null
00:08:05.219 [ApplicationImpl pooled thread 5596] INFO  c.b.l.BrowserStackRunExtension - Agent path: null
00:10:01.808 [ApplicationImpl pooled thread 5612] INFO  c.b.l.BrowserStackRunExtension - junit
00:10:01.808 [ApplicationImpl pooled thread 5612] INFO  com.browserstack.utils.Helpers - null
00:10:01.808 [ApplicationImpl pooled thread 5612] INFO  c.b.l.BrowserStackRunExtension - Agent path: null
00:10:25.533 [ApplicationImpl pooled thread 5610] INFO  c.b.l.BrowserStackRunExtension - junit
00:10:25.533 [ApplicationImpl pooled thread 5610] INFO  com.browserstack.utils.Helpers - null
00:10:25.533 [ApplicationImpl pooled thread 5610] INFO  c.b.l.BrowserStackRunExtension - Agent path: null
00:15:46.792 [ApplicationImpl pooled thread 5610] INFO  c.b.l.BrowserStackRunExtension - junit
00:15:46.792 [ApplicationImpl pooled thread 5610] INFO  com.browserstack.utils.Helpers - null
00:15:46.794 [ApplicationImpl pooled thread 5610] INFO  c.b.l.BrowserStackRunExtension - Agent path: null
17:27:45.763 [ApplicationImpl pooled thread 5930] INFO  c.b.l.BrowserStackRunExtension - junit
17:27:45.764 [ApplicationImpl pooled thread 5930] INFO  com.browserstack.utils.Helpers - null
17:27:45.765 [ApplicationImpl pooled thread 5930] INFO  com.browserstack.utils.Helpers - /Users/colaboradordatum/.m2/repository/com/browserstack/browserstack-java-sdk/1.5.2/browserstack-java-sdk-1.5.2.jar
17:27:45.765 [ApplicationImpl pooled thread 5930] INFO  c.b.l.BrowserStackRunExtension - Agent path: /Users/colaboradordatum/.m2/repository/com/browserstack/browserstack-java-sdk/1.5.2/browserstack-java-sdk-1.5.2.jar
17:27:45.765 [ApplicationImpl pooled thread 5930] INFO  c.b.l.BrowserStackRunExtension - Plugin version: v1.1.4
17:28:42.357 [ApplicationImpl pooled thread 5932] INFO  c.b.l.BrowserStackRunExtension - junit
17:28:42.357 [ApplicationImpl pooled thread 5932] INFO  com.browserstack.utils.Helpers - null
17:28:42.358 [ApplicationImpl pooled thread 5932] INFO  com.browserstack.utils.Helpers - /Users/colaboradordatum/.m2/repository/com/browserstack/browserstack-java-sdk/1.5.2/browserstack-java-sdk-1.5.2.jar
17:28:42.358 [ApplicationImpl pooled thread 5932] INFO  c.b.l.BrowserStackRunExtension - Agent path: /Users/colaboradordatum/.m2/repository/com/browserstack/browserstack-java-sdk/1.5.2/browserstack-java-sdk-1.5.2.jar
17:28:42.358 [ApplicationImpl pooled thread 5932] INFO  c.b.l.BrowserStackRunExtension - Plugin version: v1.1.4
18:00:30.876 [ApplicationImpl pooled thread 5962] INFO  c.b.l.BrowserStackRunExtension - junit
18:00:30.876 [ApplicationImpl pooled thread 5962] INFO  com.browserstack.utils.Helpers - null
18:00:30.876 [ApplicationImpl pooled thread 5962] INFO  com.browserstack.utils.Helpers - /Users/colaboradordatum/.m2/repository/com/browserstack/browserstack-java-sdk/1.5.2/browserstack-java-sdk-1.5.2.jar
18:00:30.876 [ApplicationImpl pooled thread 5962] INFO  c.b.l.BrowserStackRunExtension - Agent path: /Users/colaboradordatum/.m2/repository/com/browserstack/browserstack-java-sdk/1.5.2/browserstack-java-sdk-1.5.2.jar
18:00:30.876 [ApplicationImpl pooled thread 5962] INFO  c.b.l.BrowserStackRunExtension - Plugin version: v1.1.4
18:23:55.468 [ApplicationImpl pooled thread 5981] INFO  c.b.l.BrowserStackRunExtension - junit
18:23:55.469 [ApplicationImpl pooled thread 5981] INFO  com.browserstack.utils.Helpers - null
18:23:55.469 [ApplicationImpl pooled thread 5981] INFO  com.browserstack.utils.Helpers - /Users/colaboradordatum/.m2/repository/com/browserstack/browserstack-java-sdk/1.5.2/browserstack-java-sdk-1.5.2.jar
18:23:55.469 [ApplicationImpl pooled thread 5981] INFO  c.b.l.BrowserStackRunExtension - Agent path: /Users/colaboradordatum/.m2/repository/com/browserstack/browserstack-java-sdk/1.5.2/browserstack-java-sdk-1.5.2.jar
18:23:55.469 [ApplicationImpl pooled thread 5981] INFO  c.b.l.BrowserStackRunExtension - Plugin version: v1.1.4
18:25:04.856 [ApplicationImpl pooled thread 5964] INFO  c.b.l.BrowserStackRunExtension - junit
18:25:04.856 [ApplicationImpl pooled thread 5964] INFO  com.browserstack.utils.Helpers - null
18:25:04.857 [ApplicationImpl pooled thread 5964] INFO  com.browserstack.utils.Helpers - /Users/colaboradordatum/.m2/repository/com/browserstack/browserstack-java-sdk/1.5.2/browserstack-java-sdk-1.5.2.jar
18:25:04.857 [ApplicationImpl pooled thread 5964] INFO  c.b.l.BrowserStackRunExtension - Agent path: /Users/colaboradordatum/.m2/repository/com/browserstack/browserstack-java-sdk/1.5.2/browserstack-java-sdk-1.5.2.jar
18:25:04.857 [ApplicationImpl pooled thread 5964] INFO  c.b.l.BrowserStackRunExtension - Plugin version: v1.1.4
18:25:39.616 [ApplicationImpl pooled thread 5981] INFO  c.b.l.BrowserStackRunExtension - junit
18:25:39.617 [ApplicationImpl pooled thread 5981] INFO  com.browserstack.utils.Helpers - null
18:25:39.617 [ApplicationImpl pooled thread 5981] INFO  com.browserstack.utils.Helpers - /Users/colaboradordatum/.m2/repository/com/browserstack/browserstack-java-sdk/1.5.2/browserstack-java-sdk-1.5.2.jar
18:25:39.617 [ApplicationImpl pooled thread 5981] INFO  c.b.l.BrowserStackRunExtension - Agent path: /Users/colaboradordatum/.m2/repository/com/browserstack/browserstack-java-sdk/1.5.2/browserstack-java-sdk-1.5.2.jar
18:25:39.617 [ApplicationImpl pooled thread 5981] INFO  c.b.l.BrowserStackRunExtension - Plugin version: v1.1.4
18:44:38.182 [ApplicationImpl pooled thread 5999] INFO  c.b.l.BrowserStackRunExtension - junit
18:44:38.183 [ApplicationImpl pooled thread 5999] INFO  com.browserstack.utils.Helpers - null
18:44:38.183 [ApplicationImpl pooled thread 5999] INFO  com.browserstack.utils.Helpers - /Users/colaboradordatum/.m2/repository/com/browserstack/browserstack-java-sdk/1.5.2/browserstack-java-sdk-1.5.2.jar
18:44:38.183 [ApplicationImpl pooled thread 5999] INFO  c.b.l.BrowserStackRunExtension - Agent path: /Users/colaboradordatum/.m2/repository/com/browserstack/browserstack-java-sdk/1.5.2/browserstack-java-sdk-1.5.2.jar
18:44:38.183 [ApplicationImpl pooled thread 5999] INFO  c.b.l.BrowserStackRunExtension - Plugin version: v1.1.4
18:46:15.526 [ApplicationImpl pooled thread 5998] INFO  c.b.l.BrowserStackRunExtension - junit
18:46:15.527 [ApplicationImpl pooled thread 5998] INFO  com.browserstack.utils.Helpers - null
18:46:15.527 [ApplicationImpl pooled thread 5998] INFO  com.browserstack.utils.Helpers - /Users/colaboradordatum/.m2/repository/com/browserstack/browserstack-java-sdk/1.5.2/browserstack-java-sdk-1.5.2.jar
18:46:15.527 [ApplicationImpl pooled thread 5998] INFO  c.b.l.BrowserStackRunExtension - Agent path: /Users/colaboradordatum/.m2/repository/com/browserstack/browserstack-java-sdk/1.5.2/browserstack-java-sdk-1.5.2.jar
18:46:15.527 [ApplicationImpl pooled thread 5998] INFO  c.b.l.BrowserStackRunExtension - Plugin version: v1.1.4
18:46:35.767 [ApplicationImpl pooled thread 6000] INFO  c.b.l.BrowserStackRunExtension - junit
18:46:35.767 [ApplicationImpl pooled thread 6000] INFO  com.browserstack.utils.Helpers - null
18:46:35.767 [ApplicationImpl pooled thread 6000] INFO  com.browserstack.utils.Helpers - /Users/colaboradordatum/.m2/repository/com/browserstack/browserstack-java-sdk/1.5.2/browserstack-java-sdk-1.5.2.jar
18:46:35.767 [ApplicationImpl pooled thread 6000] INFO  c.b.l.BrowserStackRunExtension - Agent path: /Users/colaboradordatum/.m2/repository/com/browserstack/browserstack-java-sdk/1.5.2/browserstack-java-sdk-1.5.2.jar
18:46:35.767 [ApplicationImpl pooled thread 6000] INFO  c.b.l.BrowserStackRunExtension - Plugin version: v1.1.4
18:50:40.629 [ApplicationImpl pooled thread 6004] INFO  c.b.l.BrowserStackRunExtension - junit
18:50:40.629 [ApplicationImpl pooled thread 6004] INFO  com.browserstack.utils.Helpers - null
18:50:40.631 [ApplicationImpl pooled thread 6004] INFO  com.browserstack.utils.Helpers - /Users/colaboradordatum/.m2/repository/com/browserstack/browserstack-java-sdk/1.5.2/browserstack-java-sdk-1.5.2.jar
18:50:40.631 [ApplicationImpl pooled thread 6004] INFO  c.b.l.BrowserStackRunExtension - Agent path: /Users/colaboradordatum/.m2/repository/com/browserstack/browserstack-java-sdk/1.5.2/browserstack-java-sdk-1.5.2.jar
18:50:40.631 [ApplicationImpl pooled thread 6004] INFO  c.b.l.BrowserStackRunExtension - Plugin version: v1.1.4
18:51:08.140 [ApplicationImpl pooled thread 5999] INFO  c.b.l.BrowserStackRunExtension - junit
18:51:08.140 [ApplicationImpl pooled thread 5999] INFO  com.browserstack.utils.Helpers - null
18:51:08.140 [ApplicationImpl pooled thread 5999] INFO  com.browserstack.utils.Helpers - /Users/colaboradordatum/.m2/repository/com/browserstack/browserstack-java-sdk/1.5.2/browserstack-java-sdk-1.5.2.jar
18:51:08.140 [ApplicationImpl pooled thread 5999] INFO  c.b.l.BrowserStackRunExtension - Agent path: /Users/colaboradordatum/.m2/repository/com/browserstack/browserstack-java-sdk/1.5.2/browserstack-java-sdk-1.5.2.jar
18:51:08.140 [ApplicationImpl pooled thread 5999] INFO  c.b.l.BrowserStackRunExtension - Plugin version: v1.1.4
18:51:39.238 [ApplicationImpl pooled thread 5999] INFO  c.b.l.BrowserStackRunExtension - junit
18:51:39.238 [ApplicationImpl pooled thread 5999] INFO  com.browserstack.utils.Helpers - null
18:51:39.238 [ApplicationImpl pooled thread 5999] INFO  com.browserstack.utils.Helpers - /Users/colaboradordatum/.m2/repository/com/browserstack/browserstack-java-sdk/1.5.2/browserstack-java-sdk-1.5.2.jar
18:51:39.238 [ApplicationImpl pooled thread 5999] INFO  c.b.l.BrowserStackRunExtension - Agent path: /Users/colaboradordatum/.m2/repository/com/browserstack/browserstack-java-sdk/1.5.2/browserstack-java-sdk-1.5.2.jar
18:51:39.238 [ApplicationImpl pooled thread 5999] INFO  c.b.l.BrowserStackRunExtension - Plugin version: v1.1.4
18:54:23.399 [ApplicationImpl pooled thread 6008] INFO  c.b.l.BrowserStackRunExtension - junit
18:54:23.400 [ApplicationImpl pooled thread 6008] INFO  com.browserstack.utils.Helpers - null
18:54:23.401 [ApplicationImpl pooled thread 6008] INFO  com.browserstack.utils.Helpers - /Users/colaboradordatum/.m2/repository/com/browserstack/browserstack-java-sdk/1.5.2/browserstack-java-sdk-1.5.2.jar
18:54:23.401 [ApplicationImpl pooled thread 6008] INFO  c.b.l.BrowserStackRunExtension - Agent path: /Users/colaboradordatum/.m2/repository/com/browserstack/browserstack-java-sdk/1.5.2/browserstack-java-sdk-1.5.2.jar
18:54:23.401 [ApplicationImpl pooled thread 6008] INFO  c.b.l.BrowserStackRunExtension - Plugin version: v1.1.4
18:54:49.593 [ApplicationImpl pooled thread 6010] INFO  c.b.l.BrowserStackRunExtension - junit
18:54:49.594 [ApplicationImpl pooled thread 6010] INFO  com.browserstack.utils.Helpers - null
18:54:49.595 [ApplicationImpl pooled thread 6010] INFO  com.browserstack.utils.Helpers - /Users/colaboradordatum/.m2/repository/com/browserstack/browserstack-java-sdk/1.5.2/browserstack-java-sdk-1.5.2.jar
18:54:49.596 [ApplicationImpl pooled thread 6010] INFO  c.b.l.BrowserStackRunExtension - Agent path: /Users/colaboradordatum/.m2/repository/com/browserstack/browserstack-java-sdk/1.5.2/browserstack-java-sdk-1.5.2.jar
18:54:49.596 [ApplicationImpl pooled thread 6010] INFO  c.b.l.BrowserStackRunExtension - Plugin version: v1.1.4
19:00:33.863 [ApplicationImpl pooled thread 5997] INFO  c.b.l.BrowserStackRunExtension - junit
19:00:33.863 [ApplicationImpl pooled thread 5997] INFO  com.browserstack.utils.Helpers - null
19:00:33.863 [ApplicationImpl pooled thread 5997] INFO  com.browserstack.utils.Helpers - /Users/colaboradordatum/.m2/repository/com/browserstack/browserstack-java-sdk/1.5.2/browserstack-java-sdk-1.5.2.jar
19:00:33.863 [ApplicationImpl pooled thread 5997] INFO  c.b.l.BrowserStackRunExtension - Agent path: /Users/colaboradordatum/.m2/repository/com/browserstack/browserstack-java-sdk/1.5.2/browserstack-java-sdk-1.5.2.jar
19:00:33.863 [ApplicationImpl pooled thread 5997] INFO  c.b.l.BrowserStackRunExtension - Plugin version: v1.1.4
19:01:00.505 [ApplicationImpl pooled thread 5999] INFO  c.b.l.BrowserStackRunExtension - junit
19:01:00.506 [ApplicationImpl pooled thread 5999] INFO  com.browserstack.utils.Helpers - null
19:01:00.506 [ApplicationImpl pooled thread 5999] INFO  com.browserstack.utils.Helpers - /Users/colaboradordatum/.m2/repository/com/browserstack/browserstack-java-sdk/1.5.2/browserstack-java-sdk-1.5.2.jar
19:01:00.506 [ApplicationImpl pooled thread 5999] INFO  c.b.l.BrowserStackRunExtension - Agent path: /Users/colaboradordatum/.m2/repository/com/browserstack/browserstack-java-sdk/1.5.2/browserstack-java-sdk-1.5.2.jar
19:01:00.506 [ApplicationImpl pooled thread 5999] INFO  c.b.l.BrowserStackRunExtension - Plugin version: v1.1.4
19:01:35.883 [ApplicationImpl pooled thread 6011] INFO  c.b.l.BrowserStackRunExtension - junit
19:01:35.883 [ApplicationImpl pooled thread 6011] INFO  com.browserstack.utils.Helpers - null
19:01:35.884 [ApplicationImpl pooled thread 6011] INFO  com.browserstack.utils.Helpers - /Users/colaboradordatum/.m2/repository/com/browserstack/browserstack-java-sdk/1.5.2/browserstack-java-sdk-1.5.2.jar
19:01:35.884 [ApplicationImpl pooled thread 6011] INFO  c.b.l.BrowserStackRunExtension - Agent path: /Users/colaboradordatum/.m2/repository/com/browserstack/browserstack-java-sdk/1.5.2/browserstack-java-sdk-1.5.2.jar
19:01:35.884 [ApplicationImpl pooled thread 6011] INFO  c.b.l.BrowserStackRunExtension - Plugin version: v1.1.4
19:01:59.126 [ApplicationImpl pooled thread 5993] INFO  c.b.l.BrowserStackRunExtension - junit
19:01:59.127 [ApplicationImpl pooled thread 5993] INFO  com.browserstack.utils.Helpers - null
19:01:59.127 [ApplicationImpl pooled thread 5993] INFO  com.browserstack.utils.Helpers - /Users/colaboradordatum/.m2/repository/com/browserstack/browserstack-java-sdk/1.5.2/browserstack-java-sdk-1.5.2.jar
19:01:59.127 [ApplicationImpl pooled thread 5993] INFO  c.b.l.BrowserStackRunExtension - Agent path: /Users/colaboradordatum/.m2/repository/com/browserstack/browserstack-java-sdk/1.5.2/browserstack-java-sdk-1.5.2.jar
19:01:59.127 [ApplicationImpl pooled thread 5993] INFO  c.b.l.BrowserStackRunExtension - Plugin version: v1.1.4
19:03:16.547 [ApplicationImpl pooled thread 6014] INFO  c.b.l.BrowserStackRunExtension - junit
19:03:16.547 [ApplicationImpl pooled thread 6014] INFO  com.browserstack.utils.Helpers - null
19:03:16.549 [ApplicationImpl pooled thread 6014] INFO  com.browserstack.utils.Helpers - /Users/colaboradordatum/.m2/repository/com/browserstack/browserstack-java-sdk/1.5.2/browserstack-java-sdk-1.5.2.jar
19:03:16.549 [ApplicationImpl pooled thread 6014] INFO  c.b.l.BrowserStackRunExtension - Agent path: /Users/colaboradordatum/.m2/repository/com/browserstack/browserstack-java-sdk/1.5.2/browserstack-java-sdk-1.5.2.jar
19:03:16.549 [ApplicationImpl pooled thread 6014] INFO  c.b.l.BrowserStackRunExtension - Plugin version: v1.1.4
19:03:34.265 [ApplicationImpl pooled thread 6015] INFO  c.b.l.BrowserStackRunExtension - junit
19:03:34.265 [ApplicationImpl pooled thread 6015] INFO  com.browserstack.utils.Helpers - null
19:03:34.265 [ApplicationImpl pooled thread 6015] INFO  com.browserstack.utils.Helpers - /Users/colaboradordatum/.m2/repository/com/browserstack/browserstack-java-sdk/1.5.2/browserstack-java-sdk-1.5.2.jar
19:03:34.266 [ApplicationImpl pooled thread 6015] INFO  c.b.l.BrowserStackRunExtension - Agent path: /Users/colaboradordatum/.m2/repository/com/browserstack/browserstack-java-sdk/1.5.2/browserstack-java-sdk-1.5.2.jar
19:03:34.266 [ApplicationImpl pooled thread 6015] INFO  c.b.l.BrowserStackRunExtension - Plugin version: v1.1.4
19:06:47.659 [ApplicationImpl pooled thread 1] INFO  c.b.l.BrowserStackRunExtension - junit
19:06:47.660 [ApplicationImpl pooled thread 1] INFO  com.browserstack.utils.Helpers - null
19:06:47.660 [ApplicationImpl pooled thread 1] INFO  com.browserstack.utils.Helpers - /Users/colaboradordatum/.m2/repository/com/browserstack/browserstack-java-sdk/1.5.2/browserstack-java-sdk-1.5.2.jar
19:06:47.660 [ApplicationImpl pooled thread 1] INFO  c.b.l.BrowserStackRunExtension - Agent path: /Users/colaboradordatum/.m2/repository/com/browserstack/browserstack-java-sdk/1.5.2/browserstack-java-sdk-1.5.2.jar
19:06:47.660 [ApplicationImpl pooled thread 1] INFO  c.b.l.BrowserStackRunExtension - Plugin version: v1.1.4
19:08:11.686 [ApplicationImpl pooled thread 9] INFO  c.b.l.BrowserStackRunExtension - junit
19:08:11.686 [ApplicationImpl pooled thread 9] INFO  com.browserstack.utils.Helpers - null
19:08:11.687 [ApplicationImpl pooled thread 9] INFO  c.b.l.BrowserStackRunExtension - Agent path: null
19:08:37.664 [ApplicationImpl pooled thread 9] INFO  c.b.l.BrowserStackRunExtension - junit
19:08:37.664 [ApplicationImpl pooled thread 9] INFO  com.browserstack.utils.Helpers - null
19:08:37.665 [ApplicationImpl pooled thread 9] INFO  c.b.l.BrowserStackRunExtension - Agent path: null
19:11:34.650 [ApplicationImpl pooled thread 28] INFO  c.b.l.BrowserStackRunExtension - junit
19:11:34.650 [ApplicationImpl pooled thread 28] INFO  com.browserstack.utils.Helpers - null
19:11:34.650 [ApplicationImpl pooled thread 28] INFO  c.b.l.BrowserStackRunExtension - Agent path: null
19:13:41.460 [ApplicationImpl pooled thread 33] INFO  c.b.l.BrowserStackRunExtension - junit
19:13:41.460 [ApplicationImpl pooled thread 33] INFO  com.browserstack.utils.Helpers - null
19:13:41.461 [ApplicationImpl pooled thread 33] INFO  c.b.l.BrowserStackRunExtension - Agent path: null
19:14:46.764 [ApplicationImpl pooled thread 28] INFO  c.b.l.BrowserStackRunExtension - junit
19:14:46.764 [ApplicationImpl pooled thread 28] INFO  com.browserstack.utils.Helpers - null
19:14:46.764 [ApplicationImpl pooled thread 28] INFO  c.b.l.BrowserStackRunExtension - Agent path: null
19:15:06.196 [ApplicationImpl pooled thread 7] INFO  c.b.l.BrowserStackRunExtension - junit
19:15:06.196 [ApplicationImpl pooled thread 7] INFO  com.browserstack.utils.Helpers - null
19:15:06.197 [ApplicationImpl pooled thread 7] INFO  c.b.l.BrowserStackRunExtension - Agent path: null
19:16:34.303 [ApplicationImpl pooled thread 26] INFO  c.b.l.BrowserStackRunExtension - junit
19:16:34.303 [ApplicationImpl pooled thread 26] INFO  com.browserstack.utils.Helpers - null
19:16:34.304 [ApplicationImpl pooled thread 26] INFO  c.b.l.BrowserStackRunExtension - Agent path: null
19:18:36.547 [ApplicationImpl pooled thread 26] INFO  c.b.l.BrowserStackRunExtension - junit
19:18:36.547 [ApplicationImpl pooled thread 26] INFO  com.browserstack.utils.Helpers - null
19:18:36.548 [ApplicationImpl pooled thread 26] INFO  c.b.l.BrowserStackRunExtension - Agent path: null
19:23:50.411 [ApplicationImpl pooled thread 38] INFO  c.b.l.BrowserStackRunExtension - junit
19:23:50.411 [ApplicationImpl pooled thread 38] INFO  com.browserstack.utils.Helpers - null
19:23:50.411 [ApplicationImpl pooled thread 38] INFO  c.b.l.BrowserStackRunExtension - Agent path: null
21:55:30.192 [ApplicationImpl pooled thread 202] INFO  c.b.l.BrowserStackRunExtension - junit
21:55:30.192 [ApplicationImpl pooled thread 202] INFO  com.browserstack.utils.Helpers - null
21:55:30.194 [ApplicationImpl pooled thread 202] INFO  c.b.l.BrowserStackRunExtension - Agent path: null
